<?xml version="1.0" encoding="UTF-8"?>
<testsuite name="TestExceptionsApi" tests="1" skipped="0" failures="0" errors="0" timestamp="2022-08-04T14:50:25" hostname="fedora" time="0.0">
  <properties/>
  <testcase name="testApi()" classname="TestExceptionsApi" time="0.0"/>
  <system-out><![CDATA[]]></system-out>
  <system-err><![CDATA[]]></system-err>
</testsuite>
