<?xml version="1.0" encoding="UTF-8"?>
<testsuite name="RankOutOfBoundsExceptionTest" tests="2" skipped="0" failures="0" errors="0" timestamp="2022-08-04T14:50:25" hostname="fedora" time="0.019">
  <properties/>
  <testcase name="doesNotThrowAtGetName()" classname="RankOutOfBoundsExceptionTest" time="0.015"/>
  <testcase name="throwsAtGetName()" classname="RankOutOfBoundsExceptionTest" time="0.002"/>
  <system-out><![CDATA[]]></system-out>
  <system-err><![CDATA[]]></system-err>
</testsuite>
