<?xml version="1.0" encoding="UTF-8"?>
<testsuite name="MainHelperTest" tests="2" skipped="0" failures="0" errors="0" timestamp="2022-06-18T21:40:55" hostname="fedora" time="0.068">
  <properties/>
  <testcase name="testMaximosColunas()" classname="MainHelperTest" time="0.062"/>
  <testcase name="testContaDigitos()" classname="MainHelperTest" time="0.005"/>
  <system-out><![CDATA[]]></system-out>
  <system-err><![CDATA[]]></system-err>
</testsuite>
