<?xml version="1.0" encoding="UTF-8"?>
<testsuite name="HugePositiveIntegerTest" tests="4" skipped="0" failures="0" errors="0" timestamp="2022-07-12T13:22:11" hostname="fedora" time="0.054">
  <properties/>
  <testcase name="testComparison()" classname="HugePositiveIntegerTest" time="0.018"/>
  <testcase name="testAddition()" classname="HugePositiveIntegerTest" time="0.007"/>
  <testcase name="testNinesComplement()" classname="HugePositiveIntegerTest" time="0.003"/>
  <testcase name="testSubtraction()" classname="HugePositiveIntegerTest" time="0.004"/>
  <system-out><![CDATA[]]></system-out>
  <system-err><![CDATA[]]></system-err>
</testsuite>
