<?xml version="1.0" encoding="UTF-8"?>
<testsuite name="RationalTest" tests="1" skipped="0" failures="0" errors="0" timestamp="2022-07-10T23:15:01" hostname="fedora" time="4.911">
  <properties/>
  <testcase name="testRationals()" classname="RationalTest" time="4.911"/>
  <system-out><![CDATA[]]></system-out>
  <system-err><![CDATA[]]></system-err>
</testsuite>
