<?xml version="1.0" encoding="UTF-8"?>
<testsuite name="MatrixTest" tests="2" skipped="0" failures="0" errors="0" timestamp="2022-07-10T23:14:59" hostname="fedora" time="1.227">
  <properties/>
  <testcase name="testSymmetric()" classname="MatrixTest" time="0.027"/>
  <testcase name="testGlobal()" classname="MatrixTest" time="1.199"/>
  <system-out><![CDATA[]]></system-out>
  <system-err><![CDATA[]]></system-err>
</testsuite>
