<?xml version="1.0" encoding="UTF-8"?>
<testsuite name="DiscountTest" tests="2" skipped="0" failures="0" errors="0" timestamp="2022-07-12T14:44:28" hostname="fedora" time="0.045">
  <properties/>
  <testcase name="testAll()" classname="DiscountTest" time="0.042"/>
  <testcase name="testApi()" classname="DiscountTest" time="0.002"/>
  <system-out><![CDATA[]]></system-out>
  <system-err><![CDATA[]]></system-err>
</testsuite>
