<?xml version="1.0" encoding="UTF-8"?>
<testsuite name="Tests for ArrayUtils.isSorted" tests="6" skipped="0" failures="0" errors="0" timestamp="2022-08-13T16:21:14" hostname="fedora" time="4.092">
  <properties/>
  <testcase name="testUnsortedStrings()" classname="TestIsSorted" time="0.495"/>
  <testcase name="testUnsortedInts()" classname="TestIsSorted" time="0.282"/>
  <testcase name="testSortedInts()" classname="TestIsSorted" time="0.248"/>
  <testcase name="testSortedDoubles()" classname="TestIsSorted" time="1.453"/>
  <testcase name="testSortedStrings()" classname="TestIsSorted" time="0.389"/>
  <testcase name="testUnsortedDoubles()" classname="TestIsSorted" time="1.222"/>
  <system-out><![CDATA[]]></system-out>
  <system-err><![CDATA[]]></system-err>
</testsuite>
