<?xml version="1.0" encoding="UTF-8"?>
<testsuite name="Tests for Stack" tests="12" skipped="0" failures="0" errors="0" timestamp="2022-08-13T16:21:14" hostname="fedora" time="0.023">
  <properties/>
  <testcase name="testPushPeek()" classname="TestGenericStack" time="0.001"/>
  <testcase name="testNullStackIsFull()" classname="TestGenericStack" time="0.002"/>
  <testcase name="testPop()" classname="TestGenericStack" time="0.001"/>
  <testcase name="testClear()" classname="TestGenericStack" time="0.001"/>
  <testcase name="testNullStackIsEmpty()" classname="TestGenericStack" time="0.001"/>
  <testcase name="testFullExceptionOnPush()" classname="TestGenericStack" time="0.001"/>
  <testcase name="testEmptyExceptionOnPeek()" classname="TestGenericStack" time="0.001"/>
  <testcase name="testEmptyExceptionOnPop()" classname="TestGenericStack" time="0.001"/>
  <testcase name="testIsEmpty()" classname="TestGenericStack" time="0.002"/>
  <testcase name="testStackIsFull()" classname="TestGenericStack" time="0.001"/>
  <testcase name="testExceptionOnInvalidCapacity()" classname="TestGenericStack" time="0.001"/>
  <testcase name="testStringStack()" classname="TestGenericStack" time="0.001"/>
  <system-out><![CDATA[]]></system-out>
  <system-err><![CDATA[]]></system-err>
</testsuite>
