<?xml version="1.0" encoding="UTF-8"?>
<testsuite name="Tests for ArrayUtils.isSorted" tests="1" skipped="0" failures="0" errors="0" timestamp="2022-08-13T16:21:14" hostname="fedora" time="0.016">
  <properties/>
  <testcase name="testApi()" classname="TestApi" time="0.016"/>
  <system-out><![CDATA[]]></system-out>
  <system-err><![CDATA[]]></system-err>
</testsuite>
