<?xml version="1.0" encoding="UTF-8"?>
<testsuite name="SegmentoRetaTest" tests="3" skipped="0" failures="0" errors="0" timestamp="2022-07-26T00:31:41" hostname="fedora" time="0.009">
  <properties/>
  <testcase name="testComprimento()" classname="SegmentoRetaTest" time="0.003"/>
  <testcase name="testAutoParalelo()" classname="SegmentoRetaTest" time="0.003"/>
  <testcase name="testCoeficienteAngular()" classname="SegmentoRetaTest" time="0.003"/>
  <system-out><![CDATA[]]></system-out>
  <system-err><![CDATA[]]></system-err>
</testsuite>
