<?xml version="1.0" encoding="UTF-8"?>
<testsuite name="RetanguloTest" tests="7" skipped="0" failures="0" errors="0" timestamp="2022-07-26T00:31:41" hostname="fedora" time="0.09">
  <properties/>
  <testcase name="testNaoExiste()" classname="RetanguloTest" time="0.02"/>
  <testcase name="testArea()" classname="RetanguloTest" time="0.009"/>
  <testcase name="testQuadrado()" classname="RetanguloTest" time="0.013"/>
  <testcase name="testLargura()" classname="RetanguloTest" time="0.012"/>
  <testcase name="testAltura()" classname="RetanguloTest" time="0.009"/>
  <testcase name="testPerimetro()" classname="RetanguloTest" time="0.011"/>
  <testcase name="testExiste()" classname="RetanguloTest" time="0.01"/>
  <system-out><![CDATA[]]></system-out>
  <system-err><![CDATA[]]></system-err>
</testsuite>
