<?xml version="1.0" encoding="UTF-8"?>
<testsuite name="ParalelogramoTest" tests="6" skipped="0" failures="0" errors="0" timestamp="2022-07-26T00:31:41" hostname="fedora" time="0.084">
  <properties/>
  <testcase name="testNaoExiste()" classname="ParalelogramoTest" time="0.004"/>
  <testcase name="testArea()" classname="ParalelogramoTest" time="0.015"/>
  <testcase name="testLargura()" classname="ParalelogramoTest" time="0.011"/>
  <testcase name="testAltura()" classname="ParalelogramoTest" time="0.017"/>
  <testcase name="testPerimetro()" classname="ParalelogramoTest" time="0.019"/>
  <testcase name="testExiste()" classname="ParalelogramoTest" time="0.015"/>
  <system-out><![CDATA[]]></system-out>
  <system-err><![CDATA[]]></system-err>
</testsuite>
