<?xml version="1.0" encoding="UTF-8"?>
<testsuite name="SegmentRetaParaleloTest" tests="1" skipped="0" failures="0" errors="0" timestamp="2022-07-26T00:31:41" hostname="fedora" time="0.217">
  <properties/>
  <testcase name="testParalelos()" classname="SegmentRetaParaleloTest" time="0.217"/>
  <system-out><![CDATA[]]></system-out>
  <system-err><![CDATA[]]></system-err>
</testsuite>
