<?xml version="1.0" encoding="UTF-8"?>
<testsuite name="TrapezioTest" tests="8" skipped="0" failures="0" errors="0" timestamp="2022-07-26T00:31:41" hostname="fedora" time="0.045">
  <properties/>
  <testcase name="testNaoExiste()" classname="TrapezioTest" time="0.003"/>
  <testcase name="testBaseMaior()" classname="TrapezioTest" time="0.005"/>
  <testcase name="testBaseMenor()" classname="TrapezioTest" time="0.011"/>
  <testcase name="testArea()" classname="TrapezioTest" time="0.003"/>
  <testcase name="testLargura()" classname="TrapezioTest" time="0.006"/>
  <testcase name="testAltura()" classname="TrapezioTest" time="0.006"/>
  <testcase name="testPerimetro()" classname="TrapezioTest" time="0.003"/>
  <testcase name="testExiste()" classname="TrapezioTest" time="0.004"/>
  <system-out><![CDATA[]]></system-out>
  <system-err><![CDATA[]]></system-err>
</testsuite>
