<?xml version="1.0" encoding="UTF-8"?>
<testsuite name="TrianguloTest" tests="4" skipped="0" failures="0" errors="0" timestamp="2022-07-26T00:31:41" hostname="fedora" time="0.019">
  <properties/>
  <testcase name="testArea()" classname="TrianguloTest" time="0.004"/>
  <testcase name="testLargura()" classname="TrianguloTest" time="0.004"/>
  <testcase name="testAltura()" classname="TrianguloTest" time="0.005"/>
  <testcase name="testPerimetro()" classname="TrianguloTest" time="0.004"/>
  <system-out><![CDATA[]]></system-out>
  <system-err><![CDATA[]]></system-err>
</testsuite>
