<?xml version="1.0" encoding="UTF-8"?>
<testsuite name="AppTest" tests="1" skipped="0" failures="0" errors="0" timestamp="2022-06-07T23:51:40" hostname="fedora" time="0.144">
  <properties/>
  <testcase name="isGreetingHelloWorld()" classname="AppTest" time="0.144"/>
  <system-out><![CDATA[]]></system-out>
  <system-err><![CDATA[]]></system-err>
</testsuite>
